--- Copying files at Wed Apr 30 10:26:06 UTC 2025
--- Copied files finished at Wed Apr 30 10:26:06 UTC 2025
--- Copying files at Wed Apr 30 10:38:42 UTC 2025
--- Copied files finished at Wed Apr 30 10:38:43 UTC 2025
--- Copying files at Wed Apr 30 10:40:55 UTC 2025
--- Copied files finished at Wed Apr 30 10:40:55 UTC 2025
--- Copying files at Thu May  1 15:43:43 UTC 2025
--- Copied files finished at Thu May  1 15:43:43 UTC 2025
--- Copying files at Thu May  1 16:18:59 UTC 2025
--- Copied files finished at Thu May  1 16:18:59 UTC 2025
--- Copying files at Thu May  1 16:25:58 UTC 2025
--- Copied files finished at Thu May  1 16:25:58 UTC 2025
--- Copying files at Thu May  1 17:01:13 UTC 2025
--- Copied files finished at Thu May  1 17:01:13 UTC 2025
--- Copying files at Thu May  1 17:12:39 UTC 2025
--- Copied files finished at Thu May  1 17:12:39 UTC 2025
--- Copying files at Thu May  1 17:34:05 UTC 2025
--- Copied files finished at Thu May  1 17:34:06 UTC 2025
--- Copying files at Thu May  1 17:42:03 UTC 2025
--- Copied files finished at Thu May  1 17:42:03 UTC 2025
--- Copying files at Thu May  1 17:43:57 UTC 2025
--- Copied files finished at Thu May  1 17:43:57 UTC 2025
--- Copying files at Thu May  1 17:55:07 UTC 2025
--- Copied files finished at Thu May  1 17:55:07 UTC 2025
--- Copying files at Thu May  1 18:47:19 UTC 2025
--- Copied files finished at Thu May  1 18:47:19 UTC 2025
--- Copying files at Thu May  1 19:00:01 UTC 2025
--- Copied files finished at Thu May  1 19:00:01 UTC 2025
--- Copying files at Thu May  1 19:03:12 UTC 2025
--- Copied files finished at Thu May  1 19:03:12 UTC 2025
--- Copying files at Thu May  1 19:04:12 UTC 2025
--- Copied files finished at Thu May  1 19:04:12 UTC 2025
--- Copying files at Thu May  1 19:12:46 UTC 2025
--- Copied files finished at Thu May  1 19:12:46 UTC 2025
--- Copying files at Thu May  1 19:19:03 UTC 2025
--- Copied files finished at Thu May  1 19:19:03 UTC 2025
--- Copying files at Thu May  1 19:48:27 UTC 2025
--- Copied files finished at Thu May  1 19:48:27 UTC 2025
--- Copying files at Thu May  1 19:50:45 UTC 2025
--- Copied files finished at Thu May  1 19:50:45 UTC 2025
--- Copying files at Thu May  1 20:10:50 UTC 2025
--- Copied files finished at Thu May  1 20:10:50 UTC 2025
--- Copying files at Thu May  1 20:17:16 UTC 2025
--- Copied files finished at Thu May  1 20:17:16 UTC 2025
--- Copying files at Thu May  1 20:18:22 UTC 2025
--- Copied files finished at Thu May  1 20:18:22 UTC 2025
--- Copying files at Thu May  1 20:33:16 UTC 2025
--- Copied files finished at Thu May  1 20:33:16 UTC 2025
--- Copying files at Fri May  2 06:06:14 UTC 2025
--- Copied files finished at Fri May  2 06:06:14 UTC 2025
--- Copying files at Fri May  2 06:13:14 UTC 2025
--- Copied files finished at Fri May  2 06:13:14 UTC 2025
--- Copying files at Fri May  2 06:24:22 UTC 2025
--- Copied files finished at Fri May  2 06:24:22 UTC 2025
--- Copying files at Fri May  2 06:31:24 UTC 2025
--- Copied files finished at Fri May  2 06:31:24 UTC 2025
--- Copying files at Fri May  2 06:35:02 UTC 2025
--- Copied files finished at Fri May  2 06:35:02 UTC 2025
--- Copying files at Fri May  2 06:37:56 UTC 2025
--- Copied files finished at Fri May  2 06:37:56 UTC 2025
